********************************************************************************
DUPLICATOR-LITE PACKAGE-LOG: 19 de May de 2020 19:03
NOTICE: Do NOT post to public sites or forums 
********************************************************************************
VERSION:	1.3.34
WORDPRESS:	5.4.1
PHP INFO:	7.3.11 | SAPI: apache2handler
SERVER:		Apache/2.4.41 (Win64) OpenSSL/1.1.1c PHP/7.3.11 
PHP TIME LIMIT: (0) no time limit imposed 
PHP MAX MEMORY: 4294967296 (512M default) 
MEMORY STACK: 26MB

********************************************************************************
DATABASE:
********************************************************************************
BUILD MODE:   MYSQLDUMP
MYSQLTIMEOUT: 5000
MYSQLDUMP:    Is Supported
SQL CREATED: 20200519_senai_95be8fc23286051e4428_20200519190308_database.sql
SQL FILE SIZE: 712.88KB (729992)
SQL FILE TIME: 2020-05-19 19:04:02
SQL RUNTIME: 3.22 sec.

********************************************************************************
ARCHIVE (ZIP):
********************************************************************************
ARCHIVE DIR:  C:/xampp/htdocs/senai
ARCHIVE FILE: 20200519_senai_95be8fc23286051e4428_20200519190308_archive.zip
FILTERS: *OFF*
DIRS:
	not set
FILES:
	not set
EXTS:  not set
----------------------------------------
COMPRESSING
SIZE:	73.5MB
STATS:	Dirs 465 | Files 3,679
SQL ADDED: 20200519_senai_95be8fc23286051e4428_20200519190308_database.sql
ZipArchive Object
(
    [status] => 0
    [statusSys] => 0
    [numFiles] => 4144
    [filename] => C:\xampp\htdocs\senai\wp-snapshots\tmp\20200519_senai_95be8fc23286051e4428_20200519190308_archive.zip
    [comment] => 
)

FILE ADDED TO ZIP: 4143
COMPRESSION RESULT: '1'
COMPRESSED SIZE: 29.73MB
ARCHIVE RUNTIME: 16.53 sec.
MEMORY STACK: 26MB
building installer
add_extra_files1
add_extra_files2
add_extra_files3
add_extra_files4
Doing archive file check
add_extra_files5
add_extra_files6
add_extra_files8
Successfully opened zip C:/xampp/htdocs/senai/wp-snapshots/tmp/20200519_senai_95be8fc23286051e4428_20200519190308_archive.zip
Adding enhanced installer files to archive using ZipArchive
Installer files added to archive
Added to archive
After ziparchive close when adding installer

********************************************************************************
INTEGRITY CHECKS:
********************************************************************************
SQL FILE: 712.88KB
INSTALLER FILE: 61.31KB
ARCHIVE FILE: 31.21MB 
EXPECTED FILE/DIRECTORY COUNT: 4,144
ACTUAL FILE/DIRECTORY COUNT: 4,143
ARCHIVE CONSISTENCY TEST: Pass

********************************************************************************
RECORD ID:[1]
TOTAL PROCESS RUNTIME: 21.90 sec.
PEAK PHP MEMORY USED: 26MB
DONE PROCESSING => 20200519_senai 19 de May de 2020 19:04

